<?xml version="1.0" encoding="UTF-8"?>
<testng-results ignored="0" total="1" passed="1" failed="0" skipped="0">
  <reporter-output>
  </reporter-output>
  <suite started-at="2022-12-07T14:03:43 IST" name="Default suite" finished-at="2022-12-07T14:04:03 IST" duration-ms="20261">
    <groups>
    </groups>
    <test started-at="2022-12-07T14:03:43 IST" name="Default test" finished-at="2022-12-07T14:04:03 IST" duration-ms="20261">
      <class name="ai.ds.testlayer.BuyShare">
        <test-method is-config="true" signature="setup()[pri:0, instance:ai.ds.testlayer.BuyShare@7e07db1f]" started-at="2022-12-07T14:03:43 IST" name="setup" finished-at="2022-12-07T14:03:53 IST" duration-ms="10122" status="PASS">
          <reporter-output>
          </reporter-output>
        </test-method> <!-- setup -->
        <test-method signature="buyFunctionality()[pri:0, instance:ai.ds.testlayer.BuyShare@7e07db1f]" started-at="2022-12-07T14:03:53 IST" name="buyFunctionality" finished-at="2022-12-07T14:04:03 IST" duration-ms="10074" status="PASS">
          <reporter-output>
          </reporter-output>
        </test-method> <!-- buyFunctionality -->
        <test-method is-config="true" signature="teardown()[pri:0, instance:ai.ds.testlayer.BuyShare@7e07db1f]" started-at="2022-12-07T14:04:03 IST" name="teardown" finished-at="2022-12-07T14:04:03 IST" duration-ms="1" status="PASS">
          <reporter-output>
          </reporter-output>
        </test-method> <!-- teardown -->
      </class> <!-- ai.ds.testlayer.BuyShare -->
    </test> <!-- Default test -->
  </suite> <!-- Default suite -->
</testng-results>
